This file contains any messages produced by compilers while
running configure, to aid debugging if configure makes a mistake.

It was created by swig configure 2.0.8, which was
generated by GNU Autoconf 2.65.  Invocation command line was

  $ ./configure --prefix=/home/seven

## --------- ##
## Platform. ##
## --------- ##

hostname = seven
uname -m = x86_64
uname -r = 4.15.0-54-generic
uname -s = Linux
uname -v = #58-Ubuntu SMP Mon Jun 24 10:55:24 UTC 2019

/usr/bin/uname -p = unknown
/bin/uname -X     = unknown

/bin/arch              = unknown
/usr/bin/arch -k       = unknown
/usr/convex/getsysinfo = unknown
/usr/bin/hostinfo      = unknown
/bin/machine           = unknown
/usr/bin/oslevel       = unknown
/bin/universe          = unknown

PATH: /usr/local/sbin
PATH: /usr/local/bin
PATH: /usr/sbin
PATH: /usr/bin
PATH: /sbin
PATH: /bin
PATH: /snap/bin


## ----------- ##
## Core tests. ##
## ----------- ##

configure:2613: checking build system type
configure:2627: result: x86_64-unknown-linux-gnu
configure:2647: checking host system type
configure:2660: result: x86_64-unknown-linux-gnu
configure:2696: checking for a BSD-compatible install
configure:2764: result: /usr/bin/install -c
configure:2775: checking whether build environment is sane
configure:2825: result: yes
configure:2966: checking for a thread-safe mkdir -p
configure:3005: result: /bin/mkdir -p
configure:3018: checking for gawk
configure:3034: found /usr/bin/gawk
configure:3045: result: gawk
configure:3056: checking whether make sets $(MAKE)
configure:3078: result: yes
configure:3209: checking for gcc
configure:3225: found /usr/bin/gcc
configure:3236: result: gcc
configure:3465: checking for C compiler version
configure:3474: gcc --version >&5
gcc (Ubuntu 7.4.0-1ubuntu1~18.04.1) 7.4.0
Copyright (C) 2017 Free Software Foundation, Inc.
This is free software; see the source for copying conditions.  There is NO
warranty; not even for MERCHANTABILITY or FITNESS FOR A PARTICULAR PURPOSE.

configure:3485: $? = 0
configure:3474: gcc -v >&5
Using built-in specs.
COLLECT_GCC=gcc
COLLECT_LTO_WRAPPER=/usr/lib/gcc/x86_64-linux-gnu/7/lto-wrapper
OFFLOAD_TARGET_NAMES=nvptx-none
OFFLOAD_TARGET_DEFAULT=1
Target: x86_64-linux-gnu
Configured with: ../src/configure -v --with-pkgversion='Ubuntu 7.4.0-1ubuntu1~18.04.1' --with-bugurl=file:///usr/share/doc/gcc-7/README.Bugs --enable-languages=c,ada,c++,go,brig,d,fortran,objc,obj-c++ --prefix=/usr --with-gcc-major-version-only --program-suffix=-7 --program-prefix=x86_64-linux-gnu- --enable-shared --enable-linker-build-id --libexecdir=/usr/lib --without-included-gettext --enable-threads=posix --libdir=/usr/lib --enable-nls --with-sysroot=/ --enable-clocale=gnu --enable-libstdcxx-debug --enable-libstdcxx-time=yes --with-default-libstdcxx-abi=new --enable-gnu-unique-object --disable-vtable-verify --enable-libmpx --enable-plugin --enable-default-pie --with-system-zlib --with-target-system-zlib --enable-objc-gc=auto --enable-multiarch --disable-werror --with-arch-32=i686 --with-abi=m64 --with-multilib-list=m32,m64,mx32 --enable-multilib --with-tune=generic --enable-offload-targets=nvptx-none --without-cuda-driver --enable-checking=release --build=x86_64-linux-gnu --host=x86_64-linux-gnu --target=x86_64-linux-gnu
Thread model: posix
gcc version 7.4.0 (Ubuntu 7.4.0-1ubuntu1~18.04.1) 
configure:3485: $? = 0
configure:3474: gcc -V >&5
gcc: error: unrecognized command line option '-V'
gcc: fatal error: no input files
compilation terminated.
configure:3485: $? = 1
configure:3474: gcc -qversion >&5
gcc: error: unrecognized command line option '-qversion'; did you mean '--version'?
gcc: fatal error: no input files
compilation terminated.
configure:3485: $? = 1
configure:3505: checking whether the C compiler works
configure:3527: gcc    conftest.c  >&5
configure:3531: $? = 0
configure:3580: result: yes
configure:3583: checking for C compiler default output file name
configure:3585: result: a.out
configure:3591: checking for suffix of executables
configure:3598: gcc -o conftest    conftest.c  >&5
configure:3602: $? = 0
configure:3624: result: 
configure:3646: checking whether we are cross compiling
configure:3654: gcc -o conftest    conftest.c  >&5
configure:3658: $? = 0
configure:3665: ./conftest
configure:3669: $? = 0
configure:3684: result: no
configure:3689: checking for suffix of object files
configure:3711: gcc -c   conftest.c >&5
configure:3715: $? = 0
configure:3736: result: o
configure:3740: checking whether we are using the GNU C compiler
configure:3759: gcc -c   conftest.c >&5
configure:3759: $? = 0
configure:3768: result: yes
configure:3777: checking whether gcc accepts -g
configure:3797: gcc -c -g  conftest.c >&5
configure:3797: $? = 0
configure:3838: result: yes
configure:3855: checking for gcc option to accept ISO C89
configure:3919: gcc  -c -g -O2  conftest.c >&5
configure:3919: $? = 0
configure:3932: result: none needed
configure:3963: checking for style of include used by make
configure:3991: result: GNU
configure:4016: checking dependency style of gcc
configure:4126: result: gcc3
configure:4199: checking for g++
configure:4215: found /usr/bin/g++
configure:4226: result: g++
configure:4253: checking for C++ compiler version
configure:4262: g++ --version >&5
g++ (Ubuntu 7.4.0-1ubuntu1~18.04.1) 7.4.0
Copyright (C) 2017 Free Software Foundation, Inc.
This is free software; see the source for copying conditions.  There is NO
warranty; not even for MERCHANTABILITY or FITNESS FOR A PARTICULAR PURPOSE.

configure:4273: $? = 0
configure:4262: g++ -v >&5
Using built-in specs.
COLLECT_GCC=g++
COLLECT_LTO_WRAPPER=/usr/lib/gcc/x86_64-linux-gnu/7/lto-wrapper
OFFLOAD_TARGET_NAMES=nvptx-none
OFFLOAD_TARGET_DEFAULT=1
Target: x86_64-linux-gnu
Configured with: ../src/configure -v --with-pkgversion='Ubuntu 7.4.0-1ubuntu1~18.04.1' --with-bugurl=file:///usr/share/doc/gcc-7/README.Bugs --enable-languages=c,ada,c++,go,brig,d,fortran,objc,obj-c++ --prefix=/usr --with-gcc-major-version-only --program-suffix=-7 --program-prefix=x86_64-linux-gnu- --enable-shared --enable-linker-build-id --libexecdir=/usr/lib --without-included-gettext --enable-threads=posix --libdir=/usr/lib --enable-nls --with-sysroot=/ --enable-clocale=gnu --enable-libstdcxx-debug --enable-libstdcxx-time=yes --with-default-libstdcxx-abi=new --enable-gnu-unique-object --disable-vtable-verify --enable-libmpx --enable-plugin --enable-default-pie --with-system-zlib --with-target-system-zlib --enable-objc-gc=auto --enable-multiarch --disable-werror --with-arch-32=i686 --with-abi=m64 --with-multilib-list=m32,m64,mx32 --enable-multilib --with-tune=generic --enable-offload-targets=nvptx-none --without-cuda-driver --enable-checking=release --build=x86_64-linux-gnu --host=x86_64-linux-gnu --target=x86_64-linux-gnu
Thread model: posix
gcc version 7.4.0 (Ubuntu 7.4.0-1ubuntu1~18.04.1) 
configure:4273: $? = 0
configure:4262: g++ -V >&5
g++: error: unrecognized command line option '-V'
g++: fatal error: no input files
compilation terminated.
configure:4273: $? = 1
configure:4262: g++ -qversion >&5
g++: error: unrecognized command line option '-qversion'; did you mean '--version'?
g++: fatal error: no input files
compilation terminated.
configure:4273: $? = 1
configure:4277: checking whether we are using the GNU C++ compiler
configure:4296: g++ -c   conftest.cpp >&5
configure:4296: $? = 0
configure:4305: result: yes
configure:4314: checking whether g++ accepts -g
configure:4334: g++ -c -g  conftest.cpp >&5
configure:4334: $? = 0
configure:4375: result: yes
configure:4400: checking dependency style of g++
configure:4510: result: gcc3
configure:4528: checking whether gcc and cc understand -c and -o together
configure:4559: gcc -c conftest.c -o conftest2.o >&5
configure:4563: $? = 0
configure:4569: gcc -c conftest.c -o conftest2.o >&5
configure:4573: $? = 0
configure:4584: cc -c conftest.c >&5
configure:4588: $? = 0
configure:4596: cc -c conftest.c -o conftest2.o >&5
configure:4600: $? = 0
configure:4606: cc -c conftest.c -o conftest2.o >&5
configure:4610: $? = 0
configure:4628: result: yes
configure:4655: checking maximum warning verbosity option
configure:4693: result: -Wall -W -ansi -pedantic for C++ -Wall -W -ansi -pedantic for C
configure:4716: checking how to run the C preprocessor
configure:4747: gcc -E  conftest.c
configure:4747: $? = 0
configure:4761: gcc -E  conftest.c
conftest.c:13:10: fatal error: ac_nonexistent.h: No such file or directory
 #include <ac_nonexistent.h>
          ^~~~~~~~~~~~~~~~~~
compilation terminated.
configure:4761: $? = 1
configure: failed program was:
| /* confdefs.h */
| #define PACKAGE_NAME "swig"
| #define PACKAGE_TARNAME "swig"
| #define PACKAGE_VERSION "2.0.8"
| #define PACKAGE_STRING "swig 2.0.8"
| #define PACKAGE_BUGREPORT "http://www.swig.org"
| #define PACKAGE_URL ""
| #define PACKAGE "swig"
| #define VERSION "2.0.8"
| #define SWIG_CXX "g++"
| #define SWIG_PLATFORM "x86_64-unknown-linux-gnu"
| /* end confdefs.h.  */
| #include <ac_nonexistent.h>
configure:4786: result: gcc -E
configure:4806: gcc -E  conftest.c
configure:4806: $? = 0
configure:4820: gcc -E  conftest.c
conftest.c:13:10: fatal error: ac_nonexistent.h: No such file or directory
 #include <ac_nonexistent.h>
          ^~~~~~~~~~~~~~~~~~
compilation terminated.
configure:4820: $? = 1
configure: failed program was:
| /* confdefs.h */
| #define PACKAGE_NAME "swig"
| #define PACKAGE_TARNAME "swig"
| #define PACKAGE_VERSION "2.0.8"
| #define PACKAGE_STRING "swig 2.0.8"
| #define PACKAGE_BUGREPORT "http://www.swig.org"
| #define PACKAGE_URL ""
| #define PACKAGE "swig"
| #define VERSION "2.0.8"
| #define SWIG_CXX "g++"
| #define SWIG_PLATFORM "x86_64-unknown-linux-gnu"
| /* end confdefs.h.  */
| #include <ac_nonexistent.h>
configure:4849: checking for grep that handles long lines and -e
configure:4907: result: /bin/grep
configure:4912: checking for egrep
configure:4974: result: /bin/grep -E
configure:4979: checking for ANSI C header files
configure:4999: gcc -c -g -O2 -Wall -W -ansi -pedantic  conftest.c >&5
configure:4999: $? = 0
configure:5072: gcc -o conftest -g -O2 -Wall -W -ansi -pedantic   conftest.c  >&5
configure:5072: $? = 0
configure:5072: ./conftest
configure:5072: $? = 0
configure:5083: result: yes
configure:5104: checking for sys/types.h
configure:5104: g++ -c -g -O2 -Wall -W -ansi -pedantic  conftest.cpp >&5
configure:5104: $? = 0
configure:5104: result: yes
configure:5104: checking for sys/stat.h
configure:5104: g++ -c -g -O2 -Wall -W -ansi -pedantic  conftest.cpp >&5
configure:5104: $? = 0
configure:5104: result: yes
configure:5104: checking for stdlib.h
configure:5104: g++ -c -g -O2 -Wall -W -ansi -pedantic  conftest.cpp >&5
configure:5104: $? = 0
configure:5104: result: yes
configure:5104: checking for string.h
configure:5104: g++ -c -g -O2 -Wall -W -ansi -pedantic  conftest.cpp >&5
configure:5104: $? = 0
configure:5104: result: yes
configure:5104: checking for memory.h
configure:5104: g++ -c -g -O2 -Wall -W -ansi -pedantic  conftest.cpp >&5
configure:5104: $? = 0
configure:5104: result: yes
configure:5104: checking for strings.h
configure:5104: g++ -c -g -O2 -Wall -W -ansi -pedantic  conftest.cpp >&5
configure:5104: $? = 0
configure:5104: result: yes
configure:5104: checking for inttypes.h
configure:5104: g++ -c -g -O2 -Wall -W -ansi -pedantic  conftest.cpp >&5
configure:5104: $? = 0
configure:5104: result: yes
configure:5104: checking for stdint.h
configure:5104: g++ -c -g -O2 -Wall -W -ansi -pedantic  conftest.cpp >&5
configure:5104: $? = 0
configure:5104: result: yes
configure:5104: checking for unistd.h
configure:5104: g++ -c -g -O2 -Wall -W -ansi -pedantic  conftest.cpp >&5
configure:5104: $? = 0
configure:5104: result: yes
configure:5117: checking for bool
configure:5117: g++ -c -g -O2 -Wall -W -ansi -pedantic  conftest.cpp >&5
configure:5117: $? = 0
configure:5117: g++ -c -g -O2 -Wall -W -ansi -pedantic  conftest.cpp >&5
conftest.cpp: In function 'int main()':
conftest.cpp:59:14: error: expected primary-expression before 'bool'
 if (sizeof ((bool)))
              ^~~~
conftest.cpp:59:14: error: expected ')' before 'bool'
conftest.cpp:60:14: error: expected ')' before ';' token
      return 0;
              ^
conftest.cpp:60:14: error: expected ')' before ';' token
conftest.cpp:60:14: warning: suggest braces around empty body in an 'if' statement [-Wempty-body]
configure:5117: $? = 1
configure: failed program was:
| /* confdefs.h */
| #define PACKAGE_NAME "swig"
| #define PACKAGE_TARNAME "swig"
| #define PACKAGE_VERSION "2.0.8"
| #define PACKAGE_STRING "swig 2.0.8"
| #define PACKAGE_BUGREPORT "http://www.swig.org"
| #define PACKAGE_URL ""
| #define PACKAGE "swig"
| #define VERSION "2.0.8"
| #define SWIG_CXX "g++"
| #define SWIG_PLATFORM "x86_64-unknown-linux-gnu"
| #define STDC_HEADERS 1
| #define HAVE_SYS_TYPES_H 1
| #define HAVE_SYS_STAT_H 1
| #define HAVE_STDLIB_H 1
| #define HAVE_STRING_H 1
| #define HAVE_MEMORY_H 1
| #define HAVE_STRINGS_H 1
| #define HAVE_INTTYPES_H 1
| #define HAVE_STDINT_H 1
| #define HAVE_UNISTD_H 1
| /* end confdefs.h.  */
| #include <stdio.h>
| #ifdef HAVE_SYS_TYPES_H
| # include <sys/types.h>
| #endif
| #ifdef HAVE_SYS_STAT_H
| # include <sys/stat.h>
| #endif
| #ifdef STDC_HEADERS
| # include <stdlib.h>
| # include <stddef.h>
| #else
| # ifdef HAVE_STDLIB_H
| #  include <stdlib.h>
| # endif
| #endif
| #ifdef HAVE_STRING_H
| # if !defined STDC_HEADERS && defined HAVE_MEMORY_H
| #  include <memory.h>
| # endif
| # include <string.h>
| #endif
| #ifdef HAVE_STRINGS_H
| # include <strings.h>
| #endif
| #ifdef HAVE_INTTYPES_H
| # include <inttypes.h>
| #endif
| #ifdef HAVE_STDINT_H
| # include <stdint.h>
| #endif
| #ifdef HAVE_UNISTD_H
| # include <unistd.h>
| #endif
| int
| main ()
| {
| if (sizeof ((bool)))
| 	    return 0;
|   ;
|   return 0;
| }
configure:5117: result: yes
configure:5144: checking for popen
configure:5144: gcc -o conftest -g -O2 -Wall -W -ansi -pedantic   conftest.c  >&5
configure:5144: $? = 0
configure:5144: result: yes
configure:5168: checking whether to enable PCRE support
configure:5170: result: yes
configure:5174: checking whether to use local PCRE
configure:5183: result: no
configure:5186: checking for a sed that does not truncate output
configure:5250: result: /bin/sed
configure:5320: checking for pcre-config
configure:5353: result: no
configure:5365: error: in `/home/seven/Downloads/spiderfoot-2.12/swig-2.0.8':
configure:5379: error: 
        Cannot find pcre-config script from PCRE (Perl Compatible Regular Expressions)
        library package. This dependency is needed for configure to complete,
        Either:
        - Install the PCRE developer package on your system (preferred approach).
        - Download the PCRE source tarball, build and install on your system
          as you would for any package built from source distribution.
        - Use the Tools/pcre-build.sh script to build PCRE just for SWIG to statically
          link against. Run 'Tools/pcre-build.sh --help' for instructions.
          (quite easy and does not require privileges to install PCRE on your system)
        - Use configure --without-pcre to disable regular expressions support in SWIG
          (not recommended).
See `config.log' for more details.

## ---------------- ##
## Cache variables. ##
## ---------------- ##

ac_cv_build=x86_64-unknown-linux-gnu
ac_cv_c_compiler_gnu=yes
ac_cv_cxx_compiler_gnu=yes
ac_cv_env_CCC_set=
ac_cv_env_CCC_value=
ac_cv_env_CC_set=
ac_cv_env_CC_value=
ac_cv_env_CFLAGS_set=
ac_cv_env_CFLAGS_value=
ac_cv_env_CPPFLAGS_set=
ac_cv_env_CPPFLAGS_value=
ac_cv_env_CPP_set=
ac_cv_env_CPP_value=
ac_cv_env_CXXFLAGS_set=
ac_cv_env_CXXFLAGS_value=
ac_cv_env_CXX_set=
ac_cv_env_CXX_value=
ac_cv_env_LDFLAGS_set=
ac_cv_env_LDFLAGS_value=
ac_cv_env_LIBS_set=
ac_cv_env_LIBS_value=
ac_cv_env_PCRE_CFLAGS_set=
ac_cv_env_PCRE_CFLAGS_value=
ac_cv_env_PCRE_CONFIG_set=
ac_cv_env_PCRE_CONFIG_value=
ac_cv_env_PCRE_LIBS_set=
ac_cv_env_PCRE_LIBS_value=
ac_cv_env_XMKMF_set=
ac_cv_env_XMKMF_value=
ac_cv_env_YACC_set=
ac_cv_env_YACC_value=
ac_cv_env_YFLAGS_set=
ac_cv_env_YFLAGS_value=
ac_cv_env_build_alias_set=
ac_cv_env_build_alias_value=
ac_cv_env_host_alias_set=
ac_cv_env_host_alias_value=
ac_cv_env_target_alias_set=
ac_cv_env_target_alias_value=
ac_cv_func_popen=yes
ac_cv_header_inttypes_h=yes
ac_cv_header_memory_h=yes
ac_cv_header_stdc=yes
ac_cv_header_stdint_h=yes
ac_cv_header_stdlib_h=yes
ac_cv_header_string_h=yes
ac_cv_header_strings_h=yes
ac_cv_header_sys_stat_h=yes
ac_cv_header_sys_types_h=yes
ac_cv_header_unistd_h=yes
ac_cv_host=x86_64-unknown-linux-gnu
ac_cv_objext=o
ac_cv_path_EGREP='/bin/grep -E'
ac_cv_path_GREP=/bin/grep
ac_cv_path_SED=/bin/sed
ac_cv_path_install='/usr/bin/install -c'
ac_cv_path_mkdir=/bin/mkdir
ac_cv_prog_AWK=gawk
ac_cv_prog_CPP='gcc -E'
ac_cv_prog_ac_ct_CC=gcc
ac_cv_prog_ac_ct_CXX=g++
ac_cv_prog_cc_c89=
ac_cv_prog_cc_g=yes
ac_cv_prog_cc_gcc_c_o=yes
ac_cv_prog_cxx_g=yes
ac_cv_prog_make_make_set=yes
ac_cv_type_bool=yes
am_cv_CC_dependencies_compiler_type=gcc3
am_cv_CXX_dependencies_compiler_type=gcc3

## ----------------- ##
## Output variables. ##
## ----------------- ##

ACLOCAL='${SHELL} /home/seven/Downloads/spiderfoot-2.12/swig-2.0.8/Tools/config/missing --run aclocal-1.11'
ADB=''
ALLEGROCLBIN=''
AMDEPBACKSLASH='\'
AMDEP_FALSE='#'
AMDEP_TRUE=''
AMTAR='${SHELL} /home/seven/Downloads/spiderfoot-2.12/swig-2.0.8/Tools/config/missing --run tar'
ANDROID=''
ANT=''
AR=''
AUTOCONF='${SHELL} /home/seven/Downloads/spiderfoot-2.12/swig-2.0.8/Tools/config/missing --run autoconf'
AUTOHEADER='${SHELL} /home/seven/Downloads/spiderfoot-2.12/swig-2.0.8/Tools/config/missing --run autoheader'
AUTOMAKE='${SHELL} /home/seven/Downloads/spiderfoot-2.12/swig-2.0.8/Tools/config/missing --run automake-1.11'
AWK='gawk'
BOOST_CPPFLAGS=''
BOOST_LDFLAGS=''
CC='gcc'
CCDEPMODE='depmode=gcc3'
CCSHARED=''
CFLAGS='-g -O2 -Wall -W -ansi -pedantic'
CHICKEN=''
CHICKENLIB=''
CHICKENOPTS=''
CHICKENSHAREDLIB=''
CHICKEN_CSC=''
CHICKEN_CSI=''
CLISPBIN=''
CPP='gcc -E'
CPPFLAGS=''
CSHARPCFLAGS=''
CSHARPCILINTERPRETER=''
CSHARPCILINTERPRETER_FLAGS=''
CSHARPCOMPILER=''
CSHARPCYGPATH_W=''
CSHARPDYNAMICLINKING=''
CSHARPLIBRARYPREFIX=''
CSHARPPATHSEPARATOR=''
CSHARPSO=''
CXX='g++'
CXXDEPMODE='depmode=gcc3'
CXXFLAGS='-g -O2 -Wall -W -ansi -pedantic'
CXXSHARED=''
CYGPATH_W='echo'
D1COMPILER=''
D2COMPILER=''
DDEFAULTVERSION=''
DEFS=''
DEPDIR='.deps'
DLIBPREFIX=''
ECHO_C=''
ECHO_N='-n'
ECHO_T=''
EGREP='/bin/grep -E'
ENABLE_CCACHE=''
EXEEXT=''
EXTRA_CLEAN=''
GCJ=''
GCJH=''
GO1=''
GO=''
GOC=''
GOGCC=''
GREP='/bin/grep'
GUILE=''
GUILEINCLUDE=''
GUILELIB=''
GUILELINK=''
GUILE_CONFIG=''
GUILE_GH_INTERFACE=''
GUILE_SCM_INTERFACE=''
GUILE_SO=''
INSTALL_DATA='${INSTALL} -m 644'
INSTALL_PROGRAM='${INSTALL}'
INSTALL_SCRIPT='${INSTALL}'
INSTALL_STRIP_PROGRAM='$(install_sh) -c -s'
JAVA=''
JAVAC=''
JAVACFLAGS=''
JAVACXXSHARED=''
JAVADYNAMICLINKING=''
JAVAINC=''
JAVALDSHARED=''
JAVALIBRARYPREFIX=''
JAVASO=''
LDFLAGS=''
LDSHARED=''
LIBC=''
LIBCRYPT=''
LIBM=''
LIBOBJS=''
LIBS=''
LINKFORSHARED=''
LTLIBOBJS=''
LUABIN=''
LUADYNAMICLINKING=''
LUAFLAGS=''
LUALINK=''
LUA_SO=''
MAKEINFO='${SHELL} /home/seven/Downloads/spiderfoot-2.12/swig-2.0.8/Tools/config/missing --run makeinfo'
MKDIR_P='/bin/mkdir -p'
MZC=''
MZDYNOBJ=''
MZSCHEME=''
MZSCHEME_SO=''
NDKBUILD=''
OBJEXT='o'
OCAMLBIN=''
OCAMLC=''
OCAMLDLGEN=''
OCAMLFIND=''
OCAMLINC=''
OCAMLLOC=''
OCAMLMKTOP=''
OCAMLVER=''
OCTAVE=''
OCTAVE_CPPFLAGS=''
OCTAVE_CXXFLAGS=''
OCTAVE_LDFLAGS=''
OCTAVE_SO=''
PACKAGE='swig'
PACKAGE_BUGREPORT='http://www.swig.org'
PACKAGE_NAME='swig'
PACKAGE_STRING='swig 2.0.8'
PACKAGE_TARNAME='swig'
PACKAGE_URL=''
PACKAGE_VERSION='2.0.8'
PATH_SEPARATOR=':'
PCRE_CFLAGS=''
PCRE_CONFIG='no'
PCRE_LIBS=''
PERL5CCFLAGS=''
PERL5DYNAMICLINKING=''
PERL5EXT=''
PERL5LIB=''
PERL=''
PHP=''
PHPINC=''
PHP_SO=''
PIKE=''
PIKECCDLFLAGS=''
PIKECONFIG=''
PIKEDYNAMICLINKING=''
PIKEINCLUDE=''
PLATFLAGS=''
PY3CONFIG=''
PY3INCLUDE=''
PY3LIB=''
PY3LINK=''
PYINCLUDE=''
PYLIB=''
PYLINK=''
PYTHON3=''
PYTHON3DYNAMICLINKING=''
PYTHON=''
PYTHONDYNAMICLINKING=''
PYTHON_SO=''
RANLIB=''
RBIN=''
ROOT_DIR=''
RPATH=''
RUBY=''
RUBYCCDLFLAGS=''
RUBYDYNAMICLINKING=''
RUBYINCLUDE=''
RUBYLIB=''
RUBYLINK=''
SED='/bin/sed'
SET_MAKE=''
SHELL='/bin/bash'
SKIP_ALLEGROCL=''
SKIP_ANDROID=''
SKIP_CFFI=''
SKIP_CHICKEN=''
SKIP_CLISP=''
SKIP_CSHARP=''
SKIP_D=''
SKIP_GCJ=''
SKIP_GO=''
SKIP_GUILE=''
SKIP_GUILESCM=''
SKIP_JAVA=''
SKIP_LUA=''
SKIP_MODULA3=''
SKIP_MZSCHEME=''
SKIP_OCAML=''
SKIP_OCTAVE=''
SKIP_PERL5=''
SKIP_PHP=''
SKIP_PIKE=''
SKIP_PYTHON3=''
SKIP_PYTHON=''
SKIP_R=''
SKIP_RUBY=''
SKIP_TCL=''
SKIP_UFFI=''
SO=''
STRIP=''
SWIGLIBS=''
SWIG_LIB=''
SWILL=''
TCLCXXSHARED=''
TCLDYNAMICLINKING=''
TCLINCLUDE=''
TCLLDSHARED=''
TCLLIB=''
TCL_SO=''
TRYLINKINGWITHCXX=''
VERSION='2.0.8'
XINCLUDES=''
XLIBSW=''
XMKMF=''
YACC=''
YFLAGS=''
YODL2HTML=''
YODL2MAN=''
ac_aux_dir='Tools/config'
ac_ct_CC='gcc'
ac_ct_CXX='g++'
am__EXEEXT_FALSE=''
am__EXEEXT_TRUE=''
am__fastdepCC_FALSE='#'
am__fastdepCC_TRUE=''
am__fastdepCXX_FALSE='#'
am__fastdepCXX_TRUE=''
am__include='include'
am__isrc=''
am__leading_dot='.'
am__quote=''
am__tar='${AMTAR} chof - "$$tardir"'
am__untar='${AMTAR} xf -'
bindir='${exec_prefix}/bin'
build='x86_64-unknown-linux-gnu'
build_alias=''
build_cpu='x86_64'
build_os='linux-gnu'
build_vendor='unknown'
datadir='${datarootdir}'
datarootdir='${prefix}/share'
docdir='${datarootdir}/doc/${PACKAGE_TARNAME}'
dvidir='${docdir}'
exec_prefix='NONE'
host='x86_64-unknown-linux-gnu'
host_alias=''
host_cpu='x86_64'
host_os='linux-gnu'
host_vendor='unknown'
htmldir='${docdir}'
includedir='${prefix}/include'
infodir='${datarootdir}/info'
install_sh='${SHELL} /home/seven/Downloads/spiderfoot-2.12/swig-2.0.8/Tools/config/install-sh'
libdir='${exec_prefix}/lib'
libexecdir='${exec_prefix}/libexec'
localedir='${datarootdir}/locale'
localstatedir='${prefix}/var'
mandir='${datarootdir}/man'
mkdir_p='/bin/mkdir -p'
oldincludedir='/usr/include'
pdfdir='${docdir}'
prefix='/home/seven'
program_transform_name='s,x,x,'
psdir='${docdir}'
sbindir='${exec_prefix}/sbin'
sharedstatedir='${prefix}/com'
subdirs=''
swig_lib=''
sysconfdir='${prefix}/etc'
target_alias=''

## ----------- ##
## confdefs.h. ##
## ----------- ##

/* confdefs.h */
#define PACKAGE_NAME "swig"
#define PACKAGE_TARNAME "swig"
#define PACKAGE_VERSION "2.0.8"
#define PACKAGE_STRING "swig 2.0.8"
#define PACKAGE_BUGREPORT "http://www.swig.org"
#define PACKAGE_URL ""
#define PACKAGE "swig"
#define VERSION "2.0.8"
#define SWIG_CXX "g++"
#define SWIG_PLATFORM "x86_64-unknown-linux-gnu"
#define STDC_HEADERS 1
#define HAVE_SYS_TYPES_H 1
#define HAVE_SYS_STAT_H 1
#define HAVE_STDLIB_H 1
#define HAVE_STRING_H 1
#define HAVE_MEMORY_H 1
#define HAVE_STRINGS_H 1
#define HAVE_INTTYPES_H 1
#define HAVE_STDINT_H 1
#define HAVE_UNISTD_H 1
#define HAVE_BOOL 1
#define HAVE_POPEN 1

configure: exit 1
